A GET call was made to "/" on 3-5-2024 at 15:50:59
A GET call was made to "/" on 3-5-2024 at 15:54:44
A GET call was made to "/" on 3-5-2024 at 15:54:44
A GET call was made to "/" on 3-5-2024 at 15:54:46
A GET call was made to "/" on 3-5-2024 at 15:54:46
A GET call was made to "/" on 3-5-2024 at 15:59:1
A GET call was made to "/" on 3-5-2024 at 15:59:1
A GET call was made to "/api" on 3-5-2024 at 15:59:5
A GET call was made to "/api" on 3-5-2024 at 16:1:56
A GET call was made to "/api/createData" on 3-5-2024 at 16:9:41
A GET call was made to "/api/getData" on 3-5-2024 at 16:12:11
A GET call was made to "/api/data" on 3-5-2024 at 16:12:30
A POST call was made to "/createUser" on 3-5-2024 at 16:22:21
A POST call was made to "/createUser" on 3-5-2024 at 16:23:22
A POST call was made to "/createUser" on 3-5-2024 at 16:24:36
A POST call was made to "/users" on 3-5-2024 at 16:27:13
A POST call was made to "/users" on 3-5-2024 at 18:28:29
A POST call was made to "/users" on 3-5-2024 at 18:29:58
A POST call was made to "/users" on 3-5-2024 at 18:30:39
A POST call was made to "/users" on 3-5-2024 at 18:31:19
A POST call was made to "/users" on 3-5-2024 at 18:32:22
A POST call was made to "/users" on 9-5-2024 at 13:5:27
A POST call was made to "/users" on 9-5-2024 at 13:6:24
A POST call was made to "/users" on 9-5-2024 at 13:6:32
A POST call was made to "/users" on 9-5-2024 at 13:6:58
A POST call was made to "/users" on 9-5-2024 at 13:7:1
A POST call was made to "/users" on 9-5-2024 at 13:8:57
A POST call was made to "/users" on 9-5-2024 at 13:11:20
A POST call was made to "/users" on 9-5-2024 at 13:11:45
A POST call was made to "/users" on 9-5-2024 at 13:12:32
A POST call was made to "/users" on 9-5-2024 at 13:13:18
A POST call was made to "/users" on 9-5-2024 at 13:15:34
A POST call was made to "/users" on 9-5-2024 at 13:17:18
A POST call was made to "/users" on 9-5-2024 at 13:17:34
A POST call was made to "/users" on 9-5-2024 at 13:19:6
A POST call was made to "/users" on 9-5-2024 at 13:19:21
A POST call was made to "/users" on 9-5-2024 at 13:20:6
A POST call was made to "/users" on 9-5-2024 at 13:20:45
A POST call was made to "/users" on 9-5-2024 at 13:21:3
A POST call was made to "/users" on 9-5-2024 at 13:21:37
A POST call was made to "/users" on 9-5-2024 at 13:22:1
A POST call was made to "/users" on 9-5-2024 at 13:22:7
A POST call was made to "/users" on 9-5-2024 at 13:22:15
A POST call was made to "/users" on 9-5-2024 at 13:22:23
A POST call was made to "/users" on 9-5-2024 at 13:22:55
A POST call was made to "/users" on 9-5-2024 at 14:43:52
A POST call was made to "/users" on 9-5-2024 at 14:45:24
A POST call was made to "/users" on 9-5-2024 at 14:46:19
A POST call was made to "/users" on 9-5-2024 at 14:46:28
A POST call was made to "/users" on 9-5-2024 at 14:46:33
A POST call was made to "/users" on 9-5-2024 at 14:48:18
A POST call was made to "/users" on 9-5-2024 at 14:48:41
A POST call was made to "/users" on 9-5-2024 at 14:48:48
A POST call was made to "/users" on 9-5-2024 at 14:49:15
A POST call was made to "/users" on 9-5-2024 at 14:52:7
A POST call was made to "/users" on 9-5-2024 at 14:54:20
A POST call was made to "/users" on 9-5-2024 at 14:56:16
A POST call was made to "/users" on 9-5-2024 at 14:56:46
A POST call was made to "/users" on 9-5-2024 at 14:58:26
A POST call was made to "/users" on 9-5-2024 at 14:59:16
A POST call was made to "/users" on 9-5-2024 at 15:6:44
A POST call was made to "/users" on 9-5-2024 at 15:8:9
A POST call was made to "/users" on 9-5-2024 at 15:9:23
A POST call was made to "/users" on 9-5-2024 at 15:13:42
A POST call was made to "/users" on 9-5-2024 at 15:14:50
A POST call was made to "/users" on 9-5-2024 at 15:15:29
A POST call was made to "/users" on 9-5-2024 at 15:15:41
A POST call was made to "/users" on 9-5-2024 at 15:15:46
A POST call was made to "/users" on 9-5-2024 at 15:16:58
A POST call was made to "/users" on 9-5-2024 at 15:19:20
A POST call was made to "/users" on 9-5-2024 at 15:19:37
A POST call was made to "/users" on 9-5-2024 at 15:20:8
A POST call was made to "/users" on 9-5-2024 at 15:20:14
A POST call was made to "/users" on 9-5-2024 at 15:20:55
A POST call was made to "/users" on 9-5-2024 at 15:20:59
A POST call was made to "/users" on 9-5-2024 at 15:23:16
A POST call was made to "/users" on 9-5-2024 at 16:2:24
A POST call was made to "/users" on 9-5-2024 at 16:2:30
A POST call was made to "/users" on 9-5-2024 at 16:6:13
A POST call was made to "/users" on 9-5-2024 at 16:7:14
A POST call was made to "/users" on 9-5-2024 at 16:12:6
A POST call was made to "/users" on 9-5-2024 at 16:12:58
A POST call was made to "/users" on 9-5-2024 at 16:14:37
A POST call was made to "/users" on 9-5-2024 at 16:15:37
A POST call was made to "/users" on 9-5-2024 at 16:16:59
A POST call was made to "/users" on 9-5-2024 at 16:19:18
A POST call was made to "/users" on 9-5-2024 at 16:20:14
A POST call was made to "/users" on 9-5-2024 at 16:30:23
A POST call was made to "/users" on 9-5-2024 at 16:30:40
A POST call was made to "/users" on 9-5-2024 at 16:39:42
A POST call was made to "/users" on 9-5-2024 at 16:39:49
A POST call was made to "/users" on 9-5-2024 at 16:40:45
A POST call was made to "/users" on 9-5-2024 at 16:41:44
A POST call was made to "/users" on 9-5-2024 at 16:50:50
A POST call was made to "/users" on 9-5-2024 at 16:50:53
A POST call was made to "/users" on 9-5-2024 at 16:50:59
A POST call was made to "/users" on 9-5-2024 at 16:56:0
A POST call was made to "/users" on 9-5-2024 at 17:1:39
A POST call was made to "/users" on 9-5-2024 at 17:4:37
A POST call was made to "/users" on 9-5-2024 at 17:22:33
A POST call was made to "/users" on 9-5-2024 at 17:26:39
A POST call was made to "/users" on 9-5-2024 at 17:27:22
A POST call was made to "/users" on 9-5-2024 at 17:27:59
A POST call was made to "/users" on 9-5-2024 at 19:14:19
A POST call was made to "/users/login" on 10-5-2024 at 10:52:18
A POST call was made to "/users/login" on 10-5-2024 at 10:56:41
A POST call was made to "/users/login" on 10-5-2024 at 11:2:10
A POST call was made to "/users/login" on 10-5-2024 at 11:5:10
A POST call was made to "/users/login" on 10-5-2024 at 11:8:53
A POST call was made to "/users" on 10-5-2024 at 11:10:43
A POST call was made to "/users/login" on 10-5-2024 at 11:10:48
A POST call was made to "/users/login" on 10-5-2024 at 11:11:31
A POST call was made to "/users/login" on 10-5-2024 at 11:13:17
A POST call was made to "/users/login" on 10-5-2024 at 11:16:7
A POST call was made to "/users/login" on 10-5-2024 at 11:16:34
A POST call was made to "/users/login" on 10-5-2024 at 11:55:9
A POST call was made to "/users/login" on 10-5-2024 at 11:55:31
A POST call was made to "/users/login" on 10-5-2024 at 11:55:38
A POST call was made to "/users/login" on 10-5-2024 at 12:0:47
A POST call was made to "/users/login" on 10-5-2024 at 12:0:58
A POST call was made to "/users/login" on 10-5-2024 at 12:1:3
A POST call was made to "/users/login" on 10-5-2024 at 12:1:11
A POST call was made to "/users/login" on 10-5-2024 at 12:2:58
A POST call was made to "/users/login" on 10-5-2024 at 12:3:17
A POST call was made to "/users/login" on 10-5-2024 at 12:3:34
A POST call was made to "/users/login" on 10-5-2024 at 12:3:59
A POST call was made to "/users/login" on 10-5-2024 at 12:7:44
A POST call was made to "/users/login" on 10-5-2024 at 12:7:49
A POST call was made to "/users/login" on 10-5-2024 at 12:16:41
A POST call was made to "/users/login" on 10-5-2024 at 12:16:46
A POST call was made to "/users/login" on 10-5-2024 at 12:16:51
A POST call was made to "/users/login" on 10-5-2024 at 12:16:58
A POST call was made to "/users/login" on 10-5-2024 at 12:17:5
A POST call was made to "/users/login" on 10-5-2024 at 12:18:27
A POST call was made to "/users/login" on 10-5-2024 at 12:18:41
A POST call was made to "/users/login" on 10-5-2024 at 12:18:46
A POST call was made to "/users/login" on 10-5-2024 at 12:18:56
A POST call was made to "/users/login" on 10-5-2024 at 12:19:3
A POST call was made to "/users/login" on 10-5-2024 at 12:35:50
A POST call was made to "/users/login" on 10-5-2024 at 12:35:55
A POST call was made to "/users/login" on 10-5-2024 at 12:39:20
A POST call was made to "/users/login" on 10-5-2024 at 12:47:48
A POST call was made to "/users/login" on 10-5-2024 at 12:49:56
A POST call was made to "/users/login" on 10-5-2024 at 12:50:1
A POST call was made to "/users/login" on 10-5-2024 at 12:50:4
